Mar 14 00:29:29 Mac syslogd[128]: ASL Sender Statistics
Mar 14 00:29:29 Mac syslogd[128]: Configuration Notice:
	ASL Module "com.apple.cdscheduler" claims selected messages.
	Those messages may not appear in standard system log files or in the ASL database.
Mar 14 00:29:29 Mac syslogd[128]: Configuration Notice:
	ASL Module "com.apple.install" claims selected messages.
	Those messages may not appear in standard system log files or in the ASL database.
Mar 14 00:29:29 Mac syslogd[128]: Configuration Notice:
	ASL Module "com.apple.authd" sharing output destination "/var/log/asl" with ASL Module "com.apple.asl".
	Output parameters from ASL Module "com.apple.asl" override any specified in ASL Module "com.apple.authd".
Mar 14 00:29:29 Mac syslogd[128]: Configuration Notice:
	ASL Module "com.apple.authd" sharing output destination "/var/log/system.log" with ASL Module "com.apple.asl".
	Output parameters from ASL Module "com.apple.asl" override any specified in ASL Module "com.apple.authd".
Mar 14 00:29:29 Mac syslogd[128]: Configuration Notice:
	ASL Module "com.apple.authd" claims selected messages.
	Those messages may not appear in standard system log files or in the ASL database.
Mar 14 00:29:29 Mac syslogd[128]: Configuration Notice:
	ASL Module "com.apple.eventmonitor" claims selected messages.
	Those messages may not appear in standard system log files or in the ASL database.
Mar 14 00:29:29 Mac syslogd[128]: Configuration Notice:
	ASL Module "com.apple.mail" claims selected messages.
	Those messages may not appear in standard system log files or in the ASL database.
Mar 14 00:29:29 Mac syslogd[128]: Configuration Notice:
	ASL Module "com.apple.performance" claims selected messages.
	Those messages may not appear in standard system log files or in the ASL database.
Mar 14 00:29:29 Mac syslogd[128]: Configuration Notice:
	ASL Module "com.apple.iokit.power" claims selected messages.
	Those messages may not appear in standard system log files or in the ASL database.
Mar 14 00:29:29 Mac syslogd[128]: Configuration Notice:
	ASL Module "com.apple.contacts.ContactsAutocomplete" claims selected messages.
	Those messages may not appear in standard system log files or in the ASL database.
Mar 14 00:29:29 Mac syslogd[128]: Configuration Notice:
	ASL Module "com.apple.mkb" sharing output destination "/private/var/log/keybagd.log" with ASL Module "com.apple.mkb.internal".
	Output parameters from ASL Module "com.apple.mkb.internal" override any specified in ASL Module "com.apple.mkb".
Mar 14 00:29:29 Mac syslogd[128]: Configuration Notice:
	ASL Module "com.apple.mkb" claims selected messages.
	Those messages may not appear in standard system log files or in the ASL database.
Mar 14 00:29:29 Mac syslogd[128]: Configuration Notice:
	ASL Module "com.apple.MessageTracer" claims selected messages.
	Those messages may not appear in standard system log files or in the ASL database.
Mar 14 00:53:31 Mac syslogd[128]: ASL Sender Statistics
Mar 14 00:53:32 Mac syslogd[128]: Configuration Notice:
	ASL Module "com.apple.cdscheduler" claims selected messages.
	Those messages may not appear in standard system log files or in the ASL database.
Mar 14 00:53:32 Mac syslogd[128]: Configuration Notice:
	ASL Module "com.apple.install" claims selected messages.
	Those messages may not appear in standard system log files or in the ASL database.
Mar 14 00:53:32 Mac syslogd[128]: Configuration Notice:
	ASL Module "com.apple.authd" sharing output destination "/var/log/asl" with ASL Module "com.apple.asl".
	Output parameters from ASL Module "com.apple.asl" override any specified in ASL Module "com.apple.authd".
Mar 14 00:53:32 Mac syslogd[128]: Configuration Notice:
	ASL Module "com.apple.authd" sharing output destination "/var/log/system.log" with ASL Module "com.apple.asl".
	Output parameters from ASL Module "com.apple.asl" override any specified in ASL Module "com.apple.authd".
Mar 14 00:53:32 Mac syslogd[128]: Configuration Notice:
	ASL Module "com.apple.authd" claims selected messages.
	Those messages may not appear in standard system log files or in the ASL database.
Mar 14 00:53:32 Mac syslogd[128]: Configuration Notice:
	ASL Module "com.apple.eventmonitor" claims selected messages.
	Those messages may not appear in standard system log files or in the ASL database.
Mar 14 00:53:32 Mac syslogd[128]: Configuration Notice:
	ASL Module "com.apple.mail" claims selected messages.
	Those messages may not appear in standard system log files or in the ASL database.
Mar 14 00:53:32 Mac syslogd[128]: Configuration Notice:
	ASL Module "com.apple.performance" claims selected messages.
	Those messages may not appear in standard system log files or in the ASL database.
Mar 14 00:53:32 Mac syslogd[128]: Configuration Notice:
	ASL Module "com.apple.iokit.power" claims selected messages.
	Those messages may not appear in standard system log files or in the ASL database.
Mar 14 00:53:32 Mac syslogd[128]: Configuration Notice:
	ASL Module "com.apple.contacts.ContactsAutocomplete" claims selected messages.
	Those messages may not appear in standard system log files or in the ASL database.
Mar 14 00:53:32 Mac syslogd[128]: Configuration Notice:
	ASL Module "com.apple.mkb" sharing output destination "/private/var/log/keybagd.log" with ASL Module "com.apple.mkb.internal".
	Output parameters from ASL Module "com.apple.mkb.internal" override any specified in ASL Module "com.apple.mkb".
Mar 14 00:53:32 Mac syslogd[128]: Configuration Notice:
	ASL Module "com.apple.mkb" claims selected messages.
	Those messages may not appear in standard system log files or in the ASL database.
Mar 14 00:53:32 Mac syslogd[128]: Configuration Notice:
	ASL Module "com.apple.MessageTracer" claims selected messages.
	Those messages may not appear in standard system log files or in the ASL database.
Mar 14 02:21:41 Mac syslogd[128]: ASL Sender Statistics
Mar 14 03:49:55 Mac syslogd[128]: ASL Sender Statistics
Mar 14 04:49:58 Mac syslogd[128]: ASL Sender Statistics
Mar 14 06:18:21 Mac syslogd[128]: ASL Sender Statistics
Mar 14 06:41:26 Mac syslogd[128]: ASL Sender Statistics
Mar 14 07:04:55 Mac syslogd[128]: ASL Sender Statistics
Mar 14 07:51:58 Mac syslogd[128]: ASL Sender Statistics
Mar 14 08:52:58 Mac syslogd[128]: ASL Sender Statistics
Mar 14 09:03:34 Mac syslogd[128]: ASL Sender Statistics
Mar 14 09:22:29 Mac syslogd[128]: ASL Sender Statistics
Mar 14 09:32:31 Mac syslogd[128]: ASL Sender Statistics
Mar 14 09:47:37 Mac syslogd[128]: ASL Sender Statistics
Mar 14 09:59:04 Mac syslogd[128]: ASL Sender Statistics
Mar 14 10:10:20 Mac syslogd[128]: ASL Sender Statistics
Mar 14 10:20:55 Mac syslogd[128]: ASL Sender Statistics
Mar 14 10:31:36 Mac syslogd[128]: ASL Sender Statistics
Mar 14 10:43:17 Mac syslogd[128]: ASL Sender Statistics
Mar 14 10:53:40 Mac syslogd[128]: ASL Sender Statistics
Mar 14 11:04:00 Mac syslogd[128]: ASL Sender Statistics
Mar 14 11:14:14 Mac syslogd[128]: ASL Sender Statistics
Mar 14 11:20:44 Mac login[75002]: USER_PROCESS: 75002 ttys000
